<?xml version="1.0" encoding="UTF-8"?>
<testsuite name="com.lks.PersonalPortfolioTrackerApplicationTests" time="26.878" tests="6" errors="0" skipped="0" failures="1">
  <properties>
    <property name="idea.version" value="14.0.4"/>
    <property name="java.runtime.name" value="Java(TM) SE Runtime Environment"/>
    <property name="sun.boot.library.path" value="C:\Program Files\Java\jdk1.8.0_91\jre\bin"/>
    <property name="java.vm.version" value="25.91-b14"/>
    <property name="java.vm.vendor" value="Oracle Corporation"/>
    <property name="java.vendor.url" value="http://java.oracle.com/"/>
    <property name="path.separator" value=";"/>
    <property name="guice.disable.misplaced.annotation.check" value="true"/>
    <property name="java.vm.name" value="Java HotSpot(TM) 64-Bit Server VM"/>
    <property name="file.encoding.pkg" value="sun.io"/>
    <property name="idea.launcher.port" value="7533"/>
    <property name="user.script" value=""/>
    <property name="user.country" value="US"/>
    <property name="sun.java.launcher" value="SUN_STANDARD"/>
    <property name="sun.os.patch.level" value="Service Pack 1"/>
    <property name="java.vm.specification.name" value="Java Virtual Machine Specification"/>
    <property name="user.dir" value="C:\Users\lokkur\Sandbox\codebase\PersonalPortfolioTracker"/>
    <property name="java.runtime.version" value="1.8.0_91-b14"/>
    <property name="java.awt.graphicsenv" value="sun.awt.Win32GraphicsEnvironment"/>
    <property name="java.endorsed.dirs" value="C:\Program Files\Java\jdk1.8.0_91\jre\lib\endorsed"/>
    <property name="os.arch" value="amd64"/>
    <property name="java.io.tmpdir" value="C:\Users\lokkur\AppData\Local\Temp\"/>
    <property name="line.separator" value="&#10;"/>
    <property name="java.vm.specification.vendor" value="Oracle Corporation"/>
    <property name="user.variant" value=""/>
    <property name="os.name" value="Windows 7"/>
    <property name="classworlds.conf" value="C:\Users\lokkur\Sandbox\software\apache-maven-3.0.5\bin\m2.conf"/>
    <property name="sun.jnu.encoding" value="Cp1252"/>
    <property name="java.library.path" value="C:\Program Files\Java\jdk1.8.0_91\bin;C:\WINDOWS\Sun\Java\bin;C:\WINDOWS\system32;C:\WINDOWS;C:\ProgramData\Oracle\Java\javapath;C:\WINDOWS\system32;C:\WINDOWS;C:\WINDOWS\System32\Wbem;C:\WINDOWS\System32\WindowsPowerShell\v1.0\;C:\Users\lokkur\Sandbox\software\apache-maven-3.0.5\bin;C:\Program Files (x86)\MySQL\MySQL Fabric 1.5 &amp; MySQL Utilities 1.5\;C:\Program Files (x86)\MySQL\MySQL Fabric 1.5 &amp; MySQL Utilities 1.5\Doctrine extensions for PHP\;C:\Program Files\MySQL\MySQL Server 5.6\bin;C:\Program Files\Perforce\DVCS\;C:\Program Files (x86)\Sennheiser\SoftphoneSDK\;C:\Program Files (x86)\PuTTY\;C:\Program Files\Java\jdk1.8.0_91\bin;C:\Users\lokkur\AppData\Local\Programs\Git\cmd\;C:\Program Files (x86)\Google\Chrome\Application;C:\WINDOWS\system32;C:\WINDOWS;C:\WINDOWS\System32\Wbem;C:\WINDOWS\System32\WindowsPowerShell\v1.0\;C:\Program Files (x86)\Sennheiser\SoftphoneSDK\;C:\Program Files\Collaborator Client;."/>
    <property name="java.specification.name" value="Java Platform API Specification"/>
    <property name="java.class.version" value="52.0"/>
    <property name="sun.management.compiler" value="HotSpot 64-Bit Tiered Compilers"/>
    <property name="os.version" value="6.1"/>
    <property name="user.home" value="C:\Users\lokkur"/>
    <property name="user.timezone" value="Asia/Calcutta"/>
    <property name="java.awt.printerjob" value="sun.awt.windows.WPrinterJob"/>
    <property name="java.specification.version" value="1.8"/>
    <property name="idea.launcher.bin.path" value="C:\Program Files (x86)\JetBrains\IntelliJ IDEA 14.0.4\bin"/>
    <property name="file.encoding" value="UTF-8"/>
    <property name="user.name" value="lokkur"/>
    <property name="java.class.path" value="C:\Users\lokkur\Sandbox\software\apache-maven-3.0.5\boot\plexus-classworlds-2.4.jar;C:\Program Files (x86)\JetBrains\IntelliJ IDEA 14.0.4\lib\idea_rt.jar"/>
    <property name="java.vm.specification.version" value="1.8"/>
    <property name="sun.arch.data.model" value="64"/>
    <property name="java.home" value="C:\Program Files\Java\jdk1.8.0_91\jre"/>
    <property name="sun.java.command" value="com.intellij.rt.execution.application.AppMain org.codehaus.classworlds.Launcher -Didea.version=14.0.4 install"/>
    <property name="java.specification.vendor" value="Oracle Corporation"/>
    <property name="user.language" value="en"/>
    <property name="awt.toolkit" value="sun.awt.windows.WToolkit"/>
    <property name="java.vm.info" value="mixed mode"/>
    <property name="java.version" value="1.8.0_91"/>
    <property name="java.ext.dirs" value="C:\Program Files\Java\jdk1.8.0_91\jre\lib\ext;C:\WINDOWS\Sun\Java\lib\ext"/>
    <property name="sun.boot.class.path" value="C:\Program Files\Java\jdk1.8.0_91\jre\lib\resources.jar;C:\Program Files\Java\jdk1.8.0_91\jre\lib\rt.jar;C:\Program Files\Java\jdk1.8.0_91\jre\lib\sunrsasign.jar;C:\Program Files\Java\jdk1.8.0_91\jre\lib\jsse.jar;C:\Program Files\Java\jdk1.8.0_91\jre\lib\jce.jar;C:\Program Files\Java\jdk1.8.0_91\jre\lib\charsets.jar;C:\Program Files\Java\jdk1.8.0_91\jre\lib\jfr.jar;C:\Program Files\Java\jdk1.8.0_91\jre\classes"/>
    <property name="java.vendor" value="Oracle Corporation"/>
    <property name="maven.home" value="C:\Users\lokkur\Sandbox\software\apache-maven-3.0.5"/>
    <property name="file.separator" value="\"/>
    <property name="java.vendor.url.bug" value="http://bugreport.sun.com/bugreport/"/>
    <property name="sun.cpu.endian" value="little"/>
    <property name="sun.io.unicode.encoding" value="UnicodeLittle"/>
    <property name="sun.desktop" value="windows"/>
    <property name="sun.cpu.isalist" value="amd64"/>
  </properties>
  <testcase name="testPortfolioGeneration on testPortfolioGeneration(com.lks.PersonalPortfolioTrackerApplicationTests)" classname="com.lks.PersonalPortfolioTrackerApplicationTests" time="2.599"/>
  <testcase name="testSendEmail on testSendEmail(com.lks.PersonalPortfolioTrackerApplicationTests)" classname="com.lks.PersonalPortfolioTrackerApplicationTests" time="21.436">
    <failure message="javax.mail.MessagingException: Could not connect to SMTP host: smtp.gmail.com, port: 587;&#10;  nested exception is:&#10;	java.net.ConnectException: Connection timed out: connect" type="java.lang.RuntimeException">java.lang.RuntimeException: javax.mail.MessagingException: Could not connect to SMTP host: smtp.gmail.com, port: 587;
  nested exception is:
	java.net.ConnectException: Connection timed out: connect
	at java.net.DualStackPlainSocketImpl.connect0(Native Method)
	at java.net.DualStackPlainSocketImpl.socketConnect(DualStackPlainSocketImpl.java:79)
	at java.net.AbstractPlainSocketImpl.doConnect(AbstractPlainSocketImpl.java:350)
	at java.net.AbstractPlainSocketImpl.connectToAddress(AbstractPlainSocketImpl.java:206)
	at java.net.AbstractPlainSocketImpl.connect(AbstractPlainSocketImpl.java:188)
	at java.net.PlainSocketImpl.connect(PlainSocketImpl.java:172)
	at java.net.SocksSocketImpl.connect(SocksSocketImpl.java:392)
	at java.net.Socket.connect(Socket.java:589)
	at java.net.Socket.connect(Socket.java:538)
	at com.sun.mail.util.SocketFetcher.createSocket(SocketFetcher.java:321)
	at com.sun.mail.util.SocketFetcher.getSocket(SocketFetcher.java:237)
	at com.sun.mail.smtp.SMTPTransport.openServer(SMTPTransport.java:1927)
	at com.sun.mail.smtp.SMTPTransport.protocolConnect(SMTPTransport.java:654)
	at javax.mail.Service.connect(Service.java:317)
	at javax.mail.Service.connect(Service.java:176)
	at javax.mail.Service.connect(Service.java:125)
	at javax.mail.Transport.send0(Transport.java:194)
	at javax.mail.Transport.send(Transport.java:124)
	at com.lks.notifications.EmailNotification.generateAndSendEmail(EmailNotification.java:101)
	at com.lks.PersonalPortfolioTrackerApplicationTests.testSendEmail(PersonalPortfolioTrackerApplicationTests.java:68)
</failure>
    <system-out><![CDATA[Hibernate: select user0_.id as id1_2_, user0_.email as email2_2_, user0_.first_name as first_na3_2_, user0_.last_name as last_nam4_2_, user0_.phone_number as phone_nu5_2_ from user user0_
2016-07-25 17:55:40.925  INFO 59092 --- [           main] com.lks.generator.PortfolioGenerator     : Retrieved all the users from the database
Hibernate: select equities0_.id as id1_0_, equities0_.face_value as face_val2_0_, equities0_.isin_number as isin_num3_0_, equities0_.market_lot as market_l4_0_, equities0_.name_of_company as name_of_5_0_, equities0_.paid_up_value as paid_up_6_0_, equities0_.series as series7_0_, equities0_.symbol as symbol8_0_ from equities equities0_
2016-07-25 17:55:40.960  INFO 59092 --- [           main] com.lks.generator.PortfolioGenerator     : Retrieving investments for the user : shreyaslokkur@gmail.com
Hibernate: select investment0_.id as id1_1_, investment0_.investment_price as investme2_1_, investment0_.isin_number as isin_num3_1_, investment0_.purchase_date as purchase4_1_, investment0_.quantity as quantity5_1_, investment0_.stock_name as stock_na6_1_, investment0_.stock_symbol as stock_sy7_1_, investment0_.user_id as user_id8_1_ from investments investment0_ where investment0_.user_id=?
2016-07-25 17:55:40.963  INFO 59092 --- [           main] com.lks.generator.PortfolioGenerator     : Number of investments retrieved for the user: shreyaslokkur@gmail.com is :1
2016-07-25 17:55:40.963  INFO 59092 --- [           main] com.lks.generator.PortfolioGenerator     : Creating portfolio model for the isin number :INE021A01026 for the user: shreyaslokkur@gmail.com
2016-07-25 17:55:40.964  INFO 59092 --- [           main] com.lks.generator.PortfolioGenerator     : Retrieving investments for the user : jayanths29@gmail.com 
Hibernate: select investment0_.id as id1_1_, investment0_.investment_price as investme2_1_, investment0_.isin_number as isin_num3_1_, investment0_.purchase_date as purchase4_1_, investment0_.quantity as quantity5_1_, investment0_.stock_name as stock_na6_1_, investment0_.stock_symbol as stock_sy7_1_, investment0_.user_id as user_id8_1_ from investments investment0_ where investment0_.user_id=?
2016-07-25 17:55:40.967  INFO 59092 --- [           main] com.lks.generator.PortfolioGenerator     : Number of investments retrieved for the user: jayanths29@gmail.com  is :6
2016-07-25 17:55:40.967  INFO 59092 --- [           main] com.lks.generator.PortfolioGenerator     : Creating portfolio model for the isin number :INE018A01030 for the user: jayanths29@gmail.com 
2016-07-25 17:55:40.967  INFO 59092 --- [           main] com.lks.generator.PortfolioGenerator     : Creating portfolio model for the isin number :INE081A01012 for the user: jayanths29@gmail.com 
2016-07-25 17:55:40.968  INFO 59092 --- [           main] com.lks.generator.PortfolioGenerator     : Creating portfolio model for the isin number :INE062A01020 for the user: jayanths29@gmail.com 
2016-07-25 17:55:40.968  INFO 59092 --- [           main] com.lks.generator.PortfolioGenerator     : Creating portfolio model for the isin number :INE257A01026 for the user: jayanths29@gmail.com 
2016-07-25 17:55:40.968  INFO 59092 --- [           main] com.lks.generator.PortfolioGenerator     : Creating portfolio model for the isin number :INE280A01028 for the user: jayanths29@gmail.com 
2016-07-25 17:55:40.969  INFO 59092 --- [           main] com.lks.generator.PortfolioGenerator     : Creating portfolio model for the isin number :INF732E01102 for the user: jayanths29@gmail.com 
]]></system-out>
  </testcase>
  <testcase name="testCSVScraping on testCSVScraping(com.lks.PersonalPortfolioTrackerApplicationTests)" classname="com.lks.PersonalPortfolioTrackerApplicationTests" time="1.865"/>
  <testcase name="testSendSMS on testSendSMS(com.lks.PersonalPortfolioTrackerApplicationTests)" classname="com.lks.PersonalPortfolioTrackerApplicationTests" time="0.938"/>
  <testcase name="testCSVParsing on testCSVParsing(com.lks.PersonalPortfolioTrackerApplicationTests)" classname="com.lks.PersonalPortfolioTrackerApplicationTests" time="0.005"/>
  <testcase name="textExcelGeneration on textExcelGeneration(com.lks.PersonalPortfolioTrackerApplicationTests)" classname="com.lks.PersonalPortfolioTrackerApplicationTests" time="0.035"/>
</testsuite>